NasabahBankSampah/app/build/intermediates/manifest_merge_blame_file/debug/processDebugMainManifest/manifest-merger-blame-debug-report.txt
1<?xml version="1.0" encoding="utf-8"?>
2<manifest xmlns:android="http://schemas.android.com/apk/res/android"
3    package="com.example.nasabahbanksampah"
4    android:versionCode="1"
5    android:versionName="1.0" >
6
7    <uses-sdk
8        android:minSdkVersion="26"
9        android:targetSdkVersion="35" />
10
11    <!-- Izin untuk mengakses gambar, video, dan audio -->
12    <uses-permission android:name="android.permission.READ_MEDIA_IMAGES" />
12-->src\main\AndroidManifest.xml:6:5-76
12-->src\main\AndroidManifest.xml:6:22-73
13    <uses-permission android:name="android.permission.READ_MEDIA_VIDEO" />
13-->src\main\AndroidManifest.xml:7:5-75
13-->src\main\AndroidManifest.xml:7:22-72
14    <uses-permission android:name="android.permission.READ_MEDIA_AUDIO" />
14-->src\main\AndroidManifest.xml:8:5-75
14-->src\main\AndroidManifest.xml:8:22-72
15    <uses-permission android:name="android.permission.CAMERA" />
15-->src\main\AndroidManifest.xml:9:5-64
15-->src\main\AndroidManifest.xml:9:22-62
16
17    <!-- Menandakan bahwa kamera tidak wajib -->
18    <uses-feature
18-->src\main\AndroidManifest.xml:12:5-85
19        android:name="android.hardware.camera"
19-->src\main\AndroidManifest.xml:12:19-57
20        android:required="false" />
20-->src\main\AndroidManifest.xml:12:58-82
21
22    <!-- Include required permissions for Google Maps API to run. -->
23    <uses-permission android:name="android.permission.ACCESS_NETWORK_STATE" />
23-->[com.google.android.gms:play-services-maps:18.1.0] AndroidManifest.xml:23:5-79
23-->[com.google.android.gms:play-services-maps:18.1.0] AndroidManifest.xml:23:22-76
24    <uses-permission android:name="android.permission.INTERNET" />
24-->[com.google.android.gms:play-services-maps:18.1.0] AndroidManifest.xml:24:5-67
24-->[com.google.android.gms:play-services-maps:18.1.0] AndroidManifest.xml:24:22-64
25
26    <uses-feature
26-->[com.google.android.gms:play-services-maps:18.1.0] AndroidManifest.xml:26:5-28:35
27        android:glEsVersion="0x00020000"
27-->[com.google.android.gms:play-services-maps:18.1.0] AndroidManifest.xml:27:9-41
28        android:required="true" />
28-->[com.google.android.gms:play-services-maps:18.1.0] AndroidManifest.xml:28:9-32
29
30    <queries>
30-->[com.google.android.gms:play-services-maps:18.1.0] AndroidManifest.xml:30:5-34:15
31
32        <!-- Needs to be explicitly declared on Android R+ -->
33        <package android:name="com.google.android.apps.maps" />
33-->[com.google.android.gms:play-services-maps:18.1.0] AndroidManifest.xml:33:9-64
33-->[com.google.android.gms:play-services-maps:18.1.0] AndroidManifest.xml:33:18-61
34    </queries>
35
36    <permission
36-->[androidx.core:core:1.16.0] AndroidManifest.xml:22:5-24:47
37        android:name="com.example.nasabahbanksampah.DYNAMIC_RECEIVER_NOT_EXPORTED_PERMISSION"
37-->[androidx.core:core:1.16.0] AndroidManifest.xml:23:9-81
38        android:protectionLevel="signature" />
38-->[androidx.core:core:1.16.0] AndroidManifest.xml:24:9-44
39
40    <uses-permission android:name="com.example.nasabahbanksampah.DYNAMIC_RECEIVER_NOT_EXPORTED_PERMISSION" />
40-->[androidx.core:core:1.16.0] AndroidManifest.xml:26:5-97
40-->[androidx.core:core:1.16.0] AndroidManifest.xml:26:22-94
41
42    <application
42-->src\main\AndroidManifest.xml:14:5-50:19
43        android:allowBackup="true"
43-->src\main\AndroidManifest.xml:15:9-35
44        android:appComponentFactory="androidx.core.app.CoreComponentFactory"
44-->[androidx.core:core:1.16.0] AndroidManifest.xml:28:18-86
45        android:dataExtractionRules="@xml/data_extraction_rules"
45-->src\main\AndroidManifest.xml:16:9-65
46        android:debuggable="true"
47        android:extractNativeLibs="false"
48        android:fullBackupContent="@xml/backup_rules"
48-->src\main\AndroidManifest.xml:17:9-54
49        android:icon="@mipmap/ic_launcher"
49-->src\main\AndroidManifest.xml:18:9-43
50        android:label="@string/app_name"
50-->src\main\AndroidManifest.xml:19:9-41
51        android:roundIcon="@mipmap/ic_launcher_round"
51-->src\main\AndroidManifest.xml:20:9-54
52        android:supportsRtl="true"
52-->src\main\AndroidManifest.xml:21:9-35
53        android:testOnly="true"
54        android:theme="@style/Theme.NasabahBankSampah" >
54-->src\main\AndroidManifest.xml:22:9-55
55
56        <!-- Splash Activity sebagai entry point -->
57        <activity
57-->src\main\AndroidManifest.xml:26:9-35:20
58            android:name="com.example.nasabahbanksampah.splash.SplashActivity"
58-->src\main\AndroidManifest.xml:27:13-50
59            android:exported="true"
59-->src\main\AndroidManifest.xml:29:13-36
60            android:theme="@style/Theme.NasabahBankSampah.Splash" >
60-->src\main\AndroidManifest.xml:28:13-66
61            <intent-filter>
61-->src\main\AndroidManifest.xml:31:13-34:29
62                <action android:name="android.intent.action.MAIN" />
62-->src\main\AndroidManifest.xml:32:17-68
62-->src\main\AndroidManifest.xml:32:25-66
63
64                <category android:name="android.intent.category.LAUNCHER" />
64-->src\main\AndroidManifest.xml:33:17-76
64-->src\main\AndroidManifest.xml:33:27-74
65            </intent-filter>
66        </activity>
67
68        <!-- Main Activity tanpa intent-filter karena sudah diluncurkan oleh SplashActivity -->
69        <activity
69-->src\main\AndroidManifest.xml:39:9-42:48
70            android:name="com.example.nasabahbanksampah.main.MainActivity"
70-->src\main\AndroidManifest.xml:40:13-46
71            android:exported="false"
71-->src\main\AndroidManifest.xml:41:13-37
72            android:label="@string/app_name" />
72-->src\main\AndroidManifest.xml:42:13-45
73
74        <!-- Onboarding Activity -->
75        <activity
75-->src\main\AndroidManifest.xml:45:9-48:42
76            android:name="com.example.nasabahbanksampah.onboarding.OnboardingActivity"
76-->src\main\AndroidManifest.xml:46:13-58
77            android:exported="false"
77-->src\main\AndroidManifest.xml:47:13-37
78            android:label="Onboarding" />
78-->src\main\AndroidManifest.xml:48:13-39
79
80        <provider
80-->[androidx.emoji2:emoji2:1.3.0] AndroidManifest.xml:24:9-32:20
81            android:name="androidx.startup.InitializationProvider"
81-->[androidx.emoji2:emoji2:1.3.0] AndroidManifest.xml:25:13-67
82            android:authorities="com.example.nasabahbanksampah.androidx-startup"
82-->[androidx.emoji2:emoji2:1.3.0] AndroidManifest.xml:26:13-68
83            android:exported="false" >
83-->[androidx.emoji2:emoji2:1.3.0] AndroidManifest.xml:27:13-37
84            <meta-data
84-->[androidx.emoji2:emoji2:1.3.0] AndroidManifest.xml:29:13-31:52
85                android:name="androidx.emoji2.text.EmojiCompatInitializer"
85-->[androidx.emoji2:emoji2:1.3.0] AndroidManifest.xml:30:17-75
86                android:value="androidx.startup" />
86-->[androidx.emoji2:emoji2:1.3.0] AndroidManifest.xml:31:17-49
87            <meta-data
87-->[androidx.lifecycle:lifecycle-process:2.8.7] AndroidManifest.xml:29:13-31:52
88                android:name="androidx.lifecycle.ProcessLifecycleInitializer"
88-->[androidx.lifecycle:lifecycle-process:2.8.7] AndroidManifest.xml:30:17-78
89                android:value="androidx.startup" />
89-->[androidx.lifecycle:lifecycle-process:2.8.7] AndroidManifest.xml:31:17-49
90            <meta-data
90-->[androidx.profileinstaller:profileinstaller:1.4.0] AndroidManifest.xml:29:13-31:52
91                android:name="androidx.profileinstaller.ProfileInstallerInitializer"
91-->[androidx.profileinstaller:profileinstaller:1.4.0] AndroidManifest.xml:30:17-85
92                android:value="androidx.startup" />
92-->[androidx.profileinstaller:profileinstaller:1.4.0] AndroidManifest.xml:31:17-49
93        </provider> <!-- Needs to be explicitly declared on P+ -->
94        <uses-library
94-->[com.google.android.gms:play-services-maps:18.1.0] AndroidManifest.xml:39:9-41:40
95            android:name="org.apache.http.legacy"
95-->[com.google.android.gms:play-services-maps:18.1.0] AndroidManifest.xml:40:13-50
96            android:required="false" />
96-->[com.google.android.gms:play-services-maps:18.1.0] AndroidManifest.xml:41:13-37
97
98        <activity
98-->[com.google.android.gms:play-services-base:18.0.1] AndroidManifest.xml:20:9-22:45
99            android:name="com.google.android.gms.common.api.GoogleApiActivity"
99-->[com.google.android.gms:play-services-base:18.0.1] AndroidManifest.xml:20:19-85
100            android:exported="false"
100-->[com.google.android.gms:play-services-base:18.0.1] AndroidManifest.xml:22:19-43
101            android:theme="@android:style/Theme.Translucent.NoTitleBar" />
101-->[com.google.android.gms:play-services-base:18.0.1] AndroidManifest.xml:21:19-78
102
103        <meta-data
103-->[com.google.android.gms:play-services-basement:18.0.0] AndroidManifest.xml:21:9-23:69
104            android:name="com.google.android.gms.version"
104-->[com.google.android.gms:play-services-basement:18.0.0] AndroidManifest.xml:22:13-58
105            android:value="@integer/google_play_services_version" />
105-->[com.google.android.gms:play-services-basement:18.0.0] AndroidManifest.xml:23:13-66
106
107        <uses-library
107-->[androidx.window:window:1.0.0] AndroidManifest.xml:25:9-27:40
108            android:name="androidx.window.extensions"
108-->[androidx.window:window:1.0.0] AndroidManifest.xml:26:13-54
109            android:required="false" />
109-->[androidx.window:window:1.0.0] AndroidManifest.xml:27:13-37
110        <uses-library
110-->[androidx.window:window:1.0.0] AndroidManifest.xml:28:9-30:40
111            android:name="androidx.window.sidecar"
111-->[androidx.window:window:1.0.0] AndroidManifest.xml:29:13-51
112            android:required="false" />
112-->[androidx.window:window:1.0.0] AndroidManifest.xml:30:13-37
113
114        <receiver
114-->[androidx.profileinstaller:profileinstaller:1.4.0] AndroidManifest.xml:34:9-52:20
115            android:name="androidx.profileinstaller.ProfileInstallReceiver"
115-->[androidx.profileinstaller:profileinstaller:1.4.0] AndroidManifest.xml:35:13-76
116            android:directBootAware="false"
116-->[androidx.profileinstaller:profileinstaller:1.4.0] AndroidManifest.xml:36:13-44
117            android:enabled="true"
117-->[androidx.profileinstaller:profileinstaller:1.4.0] AndroidManifest.xml:37:13-35
118            android:exported="true"
118-->[androidx.profileinstaller:profileinstaller:1.4.0] AndroidManifest.xml:38:13-36
119            android:permission="android.permission.DUMP" >
119-->[androidx.profileinstaller:profileinstaller:1.4.0] AndroidManifest.xml:39:13-57
120            <intent-filter>
120-->[androidx.profileinstaller:profileinstaller:1.4.0] AndroidManifest.xml:40:13-42:29
121                <action android:name="androidx.profileinstaller.action.INSTALL_PROFILE" />
121-->[androidx.profileinstaller:profileinstaller:1.4.0] AndroidManifest.xml:41:17-91
121-->[androidx.profileinstaller:profileinstaller:1.4.0] AndroidManifest.xml:41:25-88
122            </intent-filter>
123            <intent-filter>
123-->[androidx.profileinstaller:profileinstaller:1.4.0] AndroidManifest.xml:43:13-45:29
124                <action android:name="androidx.profileinstaller.action.SKIP_FILE" />
124-->[androidx.profileinstaller:profileinstaller:1.4.0] AndroidManifest.xml:44:17-85
124-->[androidx.profileinstaller:profileinstaller:1.4.0] AndroidManifest.xml:44:25-82
125            </intent-filter>
126            <intent-filter>
126-->[androidx.profileinstaller:profileinstaller:1.4.0] AndroidManifest.xml:46:13-48:29
127                <action android:name="androidx.profileinstaller.action.SAVE_PROFILE" />
127-->[androidx.profileinstaller:profileinstaller:1.4.0] AndroidManifest.xml:47:17-88
127-->[androidx.profileinstaller:profileinstaller:1.4.0] AndroidManifest.xml:47:25-85
128            </intent-filter>
129            <intent-filter>
129-->[androidx.profileinstaller:profileinstaller:1.4.0] AndroidManifest.xml:49:13-51:29
130                <action android:name="androidx.profileinstaller.action.BENCHMARK_OPERATION" />
130-->[androidx.profileinstaller:profileinstaller:1.4.0] AndroidManifest.xml:50:17-95
130-->[androidx.profileinstaller:profileinstaller:1.4.0] AndroidManifest.xml:50:25-92
131            </intent-filter>
132        </receiver>
133    </application>
134
135</manifest>